<?xml version="1.0" encoding="UTF-8"?>
<!-- Generated by org.testng.reporters.JUnitReportReporter -->
<testsuite skipped="0" hostname="FCU-NBK819" name="jenkins.TestJenkins" tests="1" failures="0" timestamp="2022-11-28T13:09:05 MEZ" time="0.002" errors="0">
  <testcase name="test1" time="0.002" classname="jenkins.TestJenkins"/>
  <system-out/>
</testsuite> <!-- jenkins.TestJenkins -->
